 State 0:
          expr ::= * expr PLUS expr
          expr ::= * expr TIMES expr
          expr ::= * expr MINUS expr
          expr ::= * MINUS expr
          expr ::= * expr DIVIDE expr
          expr ::= * LPAREN expr RPAREN
          expr ::= * expr COMMA expr
          expr ::= * NUMBER
          expr ::= * BAREWORD
          expr ::= * BAREWORD LPAREN expr RPAREN
          expr ::= * BAREWORD LPAREN RPAREN
          expr ::= * BAREWORD COLONCOLON BAREWORD
          expr ::= * LBRACKET expr RBRACKET
          expr ::= * STRING_LITERAL
          toplevel ::= * expr

                         MINUS shift  12
                        LPAREN shift  14
                        NUMBER shift  17
                      BAREWORD shift  18
                      LBRACKET shift  23
                STRING_LITERAL shift  26
                      toplevel accept
                          expr shift  1

State 1:
          expr ::= expr * PLUS expr
          expr ::= expr * TIMES expr
          expr ::= expr * MINUS expr
          expr ::= expr * DIVIDE expr
          expr ::= expr * COMMA expr
     (14) toplevel ::= expr *

                             $ reduce 14
                         COMMA shift  10
                          PLUS shift  2
                         MINUS shift  6
                         TIMES shift  4
                        DIVIDE shift  8

State 2:
          expr ::= * expr PLUS expr
          expr ::= expr PLUS * expr
          expr ::= * expr TIMES expr
          expr ::= * expr MINUS expr
          expr ::= * MINUS expr
          expr ::= * expr DIVIDE expr
          expr ::= * LPAREN expr RPAREN
          expr ::= * expr COMMA expr
          expr ::= * NUMBER
          expr ::= * BAREWORD
          expr ::= * BAREWORD LPAREN expr RPAREN
          expr ::= * BAREWORD LPAREN RPAREN
          expr ::= * BAREWORD COLONCOLON BAREWORD
          expr ::= * LBRACKET expr RBRACKET
          expr ::= * STRING_LITERAL

                         MINUS shift  12
                        LPAREN shift  14
                        NUMBER shift  17
                      BAREWORD shift  18
                      LBRACKET shift  23
                STRING_LITERAL shift  26
                          expr shift  3

State 3:
          expr ::= expr * PLUS expr
      (0) expr ::= expr PLUS expr *
          expr ::= expr * TIMES expr
          expr ::= expr * MINUS expr
          expr ::= expr * DIVIDE expr
          expr ::= expr * COMMA expr

                         TIMES shift  4
                        DIVIDE shift  8
                     {default} reduce 0

State 4:
          expr ::= * expr PLUS expr
          expr ::= * expr TIMES expr
          expr ::= expr TIMES * expr
          expr ::= * expr MINUS expr
          expr ::= * MINUS expr
          expr ::= * expr DIVIDE expr
          expr ::= * LPAREN expr RPAREN
          expr ::= * expr COMMA expr
          expr ::= * NUMBER
          expr ::= * BAREWORD
          expr ::= * BAREWORD LPAREN expr RPAREN
          expr ::= * BAREWORD LPAREN RPAREN
          expr ::= * BAREWORD COLONCOLON BAREWORD
          expr ::= * LBRACKET expr RBRACKET
          expr ::= * STRING_LITERAL

                         MINUS shift  12
                        LPAREN shift  14
                        NUMBER shift  17
                      BAREWORD shift  18
                      LBRACKET shift  23
                STRING_LITERAL shift  26
                          expr shift  5

State 5:
          expr ::= expr * PLUS expr
          expr ::= expr * TIMES expr
      (1) expr ::= expr TIMES expr *
          expr ::= expr * MINUS expr
          expr ::= expr * DIVIDE expr
          expr ::= expr * COMMA expr

                     {default} reduce 1

State 6:
          expr ::= * expr PLUS expr
          expr ::= * expr TIMES expr
          expr ::= * expr MINUS expr
          expr ::= expr MINUS * expr
          expr ::= * MINUS expr
          expr ::= * expr DIVIDE expr
          expr ::= * LPAREN expr RPAREN
          expr ::= * expr COMMA expr
          expr ::= * NUMBER
          expr ::= * BAREWORD
          expr ::= * BAREWORD LPAREN expr RPAREN
          expr ::= * BAREWORD LPAREN RPAREN
          expr ::= * BAREWORD COLONCOLON BAREWORD
          expr ::= * LBRACKET expr RBRACKET
          expr ::= * STRING_LITERAL

                         MINUS shift  12
                        LPAREN shift  14
                        NUMBER shift  17
                      BAREWORD shift  18
                      LBRACKET shift  23
                STRING_LITERAL shift  26
                          expr shift  7

State 7:
          expr ::= expr * PLUS expr
          expr ::= expr * TIMES expr
          expr ::= expr * MINUS expr
      (2) expr ::= expr MINUS expr *
          expr ::= expr * DIVIDE expr
          expr ::= expr * COMMA expr

                         TIMES shift  4
                        DIVIDE shift  8
                     {default} reduce 2

State 8:
          expr ::= * expr PLUS expr
          expr ::= * expr TIMES expr
          expr ::= * expr MINUS expr
          expr ::= * MINUS expr
          expr ::= * expr DIVIDE expr
          expr ::= expr DIVIDE * expr
          expr ::= * LPAREN expr RPAREN
          expr ::= * expr COMMA expr
          expr ::= * NUMBER
          expr ::= * BAREWORD
          expr ::= * BAREWORD LPAREN expr RPAREN
          expr ::= * BAREWORD LPAREN RPAREN
          expr ::= * BAREWORD COLONCOLON BAREWORD
          expr ::= * LBRACKET expr RBRACKET
          expr ::= * STRING_LITERAL

                         MINUS shift  12
                        LPAREN shift  14
                        NUMBER shift  17
                      BAREWORD shift  18
                      LBRACKET shift  23
                STRING_LITERAL shift  26
                          expr shift  9

State 9:
          expr ::= expr * PLUS expr
          expr ::= expr * TIMES expr
          expr ::= expr * MINUS expr
          expr ::= expr * DIVIDE expr
      (4) expr ::= expr DIVIDE expr *
          expr ::= expr * COMMA expr

                     {default} reduce 4

State 10:
          expr ::= * expr PLUS expr
          expr ::= * expr TIMES expr
          expr ::= * expr MINUS expr
          expr ::= * MINUS expr
          expr ::= * expr DIVIDE expr
          expr ::= * LPAREN expr RPAREN
          expr ::= * expr COMMA expr
          expr ::= expr COMMA * expr
          expr ::= * NUMBER
          expr ::= * BAREWORD
          expr ::= * BAREWORD LPAREN expr RPAREN
          expr ::= * BAREWORD LPAREN RPAREN
          expr ::= * BAREWORD COLONCOLON BAREWORD
          expr ::= * LBRACKET expr RBRACKET
          expr ::= * STRING_LITERAL

                         MINUS shift  12
                        LPAREN shift  14
                        NUMBER shift  17
                      BAREWORD shift  18
                      LBRACKET shift  23
                STRING_LITERAL shift  26
                          expr shift  11

State 11:
          expr ::= expr * PLUS expr
          expr ::= expr * TIMES expr
          expr ::= expr * MINUS expr
          expr ::= expr * DIVIDE expr
          expr ::= expr * COMMA expr
      (6) expr ::= expr COMMA expr *

                          PLUS shift  2
                         MINUS shift  6
                         TIMES shift  4
                        DIVIDE shift  8
                     {default} reduce 6

State 12:
          expr ::= * expr PLUS expr
          expr ::= * expr TIMES expr
          expr ::= * expr MINUS expr
          expr ::= * MINUS expr
          expr ::= MINUS * expr
          expr ::= * expr DIVIDE expr
          expr ::= * LPAREN expr RPAREN
          expr ::= * expr COMMA expr
          expr ::= * NUMBER
          expr ::= * BAREWORD
          expr ::= * BAREWORD LPAREN expr RPAREN
          expr ::= * BAREWORD LPAREN RPAREN
          expr ::= * BAREWORD COLONCOLON BAREWORD
          expr ::= * LBRACKET expr RBRACKET
          expr ::= * STRING_LITERAL

                         MINUS shift  12
                        LPAREN shift  14
                        NUMBER shift  17
                      BAREWORD shift  18
                      LBRACKET shift  23
                STRING_LITERAL shift  26
                          expr shift  13

State 13:
          expr ::= expr * PLUS expr
          expr ::= expr * TIMES expr
          expr ::= expr * MINUS expr
      (3) expr ::= MINUS expr *
          expr ::= expr * DIVIDE expr
          expr ::= expr * COMMA expr

                         TIMES shift  4
                        DIVIDE shift  8
                     {default} reduce 3

State 14:
          expr ::= * expr PLUS expr
          expr ::= * expr TIMES expr
          expr ::= * expr MINUS expr
          expr ::= * MINUS expr
          expr ::= * expr DIVIDE expr
          expr ::= * LPAREN expr RPAREN
          expr ::= LPAREN * expr RPAREN
          expr ::= * expr COMMA expr
          expr ::= * NUMBER
          expr ::= * BAREWORD
          expr ::= * BAREWORD LPAREN expr RPAREN
          expr ::= * BAREWORD LPAREN RPAREN
          expr ::= * BAREWORD COLONCOLON BAREWORD
          expr ::= * LBRACKET expr RBRACKET
          expr ::= * STRING_LITERAL

                         MINUS shift  12
                        LPAREN shift  14
                        NUMBER shift  17
                      BAREWORD shift  18
                      LBRACKET shift  23
                STRING_LITERAL shift  26
                          expr shift  15

State 15:
          expr ::= expr * PLUS expr
          expr ::= expr * TIMES expr
          expr ::= expr * MINUS expr
          expr ::= expr * DIVIDE expr
          expr ::= LPAREN expr * RPAREN
          expr ::= expr * COMMA expr

                         COMMA shift  10
                          PLUS shift  2
                         MINUS shift  6
                         TIMES shift  4
                        DIVIDE shift  8
                        RPAREN shift  16

State 16:
      (5) expr ::= LPAREN expr RPAREN *

                     {default} reduce 5

State 17:
      (7) expr ::= NUMBER *

                     {default} reduce 7

State 18:
      (8) expr ::= BAREWORD *
          expr ::= BAREWORD * LPAREN expr RPAREN
          expr ::= BAREWORD * LPAREN RPAREN
          expr ::= BAREWORD * COLONCOLON BAREWORD

                    COLONCOLON shift  27
                        LPAREN shift  19
                     {default} reduce 8

State 19:
          expr ::= * expr PLUS expr
          expr ::= * expr TIMES expr
          expr ::= * expr MINUS expr
          expr ::= * MINUS expr
          expr ::= * expr DIVIDE expr
          expr ::= * LPAREN expr RPAREN
          expr ::= * expr COMMA expr
          expr ::= * NUMBER
          expr ::= * BAREWORD
          expr ::= * BAREWORD LPAREN expr RPAREN
          expr ::= BAREWORD LPAREN * expr RPAREN
          expr ::= * BAREWORD LPAREN RPAREN
          expr ::= BAREWORD LPAREN * RPAREN
          expr ::= * BAREWORD COLONCOLON BAREWORD
          expr ::= * LBRACKET expr RBRACKET
          expr ::= * STRING_LITERAL

                         MINUS shift  12
                        LPAREN shift  14
                        RPAREN shift  22
                        NUMBER shift  17
                      BAREWORD shift  18
                      LBRACKET shift  23
                STRING_LITERAL shift  26
                          expr shift  20

State 20:
          expr ::= expr * PLUS expr
          expr ::= expr * TIMES expr
          expr ::= expr * MINUS expr
          expr ::= expr * DIVIDE expr
          expr ::= expr * COMMA expr
          expr ::= BAREWORD LPAREN expr * RPAREN

                         COMMA shift  10
                          PLUS shift  2
                         MINUS shift  6
                         TIMES shift  4
                        DIVIDE shift  8
                        RPAREN shift  21

State 21:
      (9) expr ::= BAREWORD LPAREN expr RPAREN *

                     {default} reduce 9

State 22:
     (10) expr ::= BAREWORD LPAREN RPAREN *

                     {default} reduce 10

State 23:
          expr ::= * expr PLUS expr
          expr ::= * expr TIMES expr
          expr ::= * expr MINUS expr
          expr ::= * MINUS expr
          expr ::= * expr DIVIDE expr
          expr ::= * LPAREN expr RPAREN
          expr ::= * expr COMMA expr
          expr ::= * NUMBER
          expr ::= * BAREWORD
          expr ::= * BAREWORD LPAREN expr RPAREN
          expr ::= * BAREWORD LPAREN RPAREN
          expr ::= * BAREWORD COLONCOLON BAREWORD
          expr ::= * LBRACKET expr RBRACKET
          expr ::= LBRACKET * expr RBRACKET
          expr ::= * STRING_LITERAL

                         MINUS shift  12
                        LPAREN shift  14
                        NUMBER shift  17
                      BAREWORD shift  18
                      LBRACKET shift  23
                STRING_LITERAL shift  26
                          expr shift  24

State 24:
          expr ::= expr * PLUS expr
          expr ::= expr * TIMES expr
          expr ::= expr * MINUS expr
          expr ::= expr * DIVIDE expr
          expr ::= expr * COMMA expr
          expr ::= LBRACKET expr * RBRACKET

                         COMMA shift  10
                          PLUS shift  2
                         MINUS shift  6
                         TIMES shift  4
                        DIVIDE shift  8
                      RBRACKET shift  25

State 25:
     (12) expr ::= LBRACKET expr RBRACKET *

                     {default} reduce 12

State 26:
     (13) expr ::= STRING_LITERAL *

                     {default} reduce 13

State 27:
          expr ::= BAREWORD COLONCOLON * BAREWORD

                      BAREWORD shift  28

State 28:
     (11) expr ::= BAREWORD COLONCOLON BAREWORD *

                     {default} reduce 11

